[2023-06-12 13:55:10.844] [pxr_streamer] [info] ***********  Log Begin **********
[2023-06-12 13:55:10.844] [pxr_streamer] [info] process id= 21328
[2023-06-12 13:55:10.844] [pxr_streamer] [info] [21328|13660]driver_impl.cpp:22 DriverImpl: Driver created, this= 0x1e02c1e2660
[2023-06-12 13:55:10.844] [pxr_streamer] [debug] [21328|13660]streaming_driver_interface_impl.cpp:20 StreamingDriverInterfaceImpl: callback= 0x1dee229c8a0, this= 0x1dee5b7f650
[2023-06-12 13:55:10.844] [pxr_streamer] [debug] [21328|13660]streaming_driver_interface_impl.cpp:117 SetTrackingOrigin: tracking origin= Undefined, this= 0x1dee5b7f650
[2023-06-12 13:55:10.844] [pxr_streamer] [error] [21328|13660]streaming_driver_interface_impl.cpp:119 SetTrackingOrigin: "not connected", connect_state_ != DriverConnectState::kRpcConnected, this= 0x1dee5b7f650
[2023-06-12 13:55:10.844] [pxr_streamer] [info] [21328|13660]streaming_driver_interface_impl.cpp:39 ConnectToService: connect to service, this= 0x1dee5b7f650
[2023-06-12 13:55:10.855] [pxr_streamer] [debug] [21328|29200]streaming_driver_interface_impl.cpp:343 InvokeConnectToService: connect to service, this= 0x1dee5b7f650
[2023-06-12 13:55:10.855] [pxr_streamer] [debug] [21328|29200]transport_client_tcp2.cpp:33 Start: buffer size(send\recv): 1048576\1048576, this= 0x1dee7d7b900
[2023-06-12 13:55:10.855] [pxr_streamer] [info] [21328|29200]transport_client_tcp2.cpp:58 Start: server= 127.0.0.1:29000, local=0.0.0.0:0, this= 0x1dee7d7b900
[2023-06-12 13:55:10.856] [pxr_streamer] [info] [21328|20496]streaming_driver_interface_impl.cpp:141 NotifyConnectResult: connect to service, result= 0, this= 0x1dee5b7f650
[2023-06-12 13:55:10.856] [pxr_streamer] [debug] [21328|29200]streaming_driver_interface_impl.cpp:444 HandleTransportConnect: connect success, this= 0x1dee5b7f650
[2023-06-12 13:55:10.857] [pxr_streamer] [debug] [21328|20496]transport_client_tcp2.cpp:161 HandleConnect: local= 127.0.0.1:54447, this= 0x1dee7d7b900
[2023-06-12 13:55:10.909] [pxr_streamer] [info] [21328|29200]driver_impl.cpp:59 Connect: send connect request : { id = nN7sFJ61, timestamp = 15115631, from = Driver, to = SRS, connection info : {id: "h27JIYgQYnqKZ7Ly\000" name: "Streaming Driver SDK\000" module_version: "1.1.1.1\000" protocol_version: "1.0.0.0\000"} }, this= 0x1e02c1e2660
[2023-06-12 13:55:10.909] [pxr_streamer] [info] [21328|29200]streaming_driver_interface_impl.cpp:332 StartRpcConnect: driver id= h27JIYgQYnqKZ7Ly, this= 0x1dee5b7f650
[2023-06-12 13:55:10.909] [pxr_streamer] [info] [21328|29200]driver_impl.cpp:650 ProcessResponseMessage: received connect response : { id = LTNIyl2D, timestamp = 15115684, from = SRS, to = Driver, req_id = nN7sFJ61, result_code = 1 }, this= 0x1e02c1e2660
[2023-06-12 13:55:10.909] [pxr_streamer] [debug] [21328|29200]streaming_driver_interface_impl.cpp:174 NotifyDriverConnectResult: result= 0, this= 0x1dee5b7f650
[2023-06-12 13:55:10.911] [pxr_streamer] [info] [21328|29200]driver_impl.cpp:447 ProcessNotifyMessage: received connect notify : { id = DSWCMH4q, timestamp = 15115685, from = SRS, to = Driver, connection info: { id = PA81X0MGG9090172G, name = PICO 4, module_version = b4256, protocol_version = 1.1.0.0 } }, this= 0x1e02c1e2660
[2023-06-12 13:55:10.911] [pxr_streamer] [debug] [21328|29200]streaming_driver_interface_impl.cpp:216 NotifyDeviceConnected: device info= id= PA81X0MGG9090172G, name= PICO 4, module version= b4256, protocol version= 1.1.0.0, fov= 2,{0,0,0,0}, this= 0x1dee5b7f650
[2023-06-12 13:55:10.911] [pxr_streamer] [info] [21328|29200]streaming_driver_interface_impl.cpp:62 StartStreaming: (1920,1920), fps= 72, this= 0x1dee5b7f650
[2023-06-12 13:55:10.911] [pxr_streamer] [info] [21328|29200]driver_impl.cpp:207 StartStreaming: send start streaming request : { id = FMMhJA5M, timestamp = 15115686, from = Driver, to = SRS, media config : {render_width: 1920 render_height: 1920 fps: 72}, this= 0x1e02c1e2660
[2023-06-12 13:55:10.912] [pxr_streamer] [info] [21328|29200]driver_impl.cpp:507 ProcessNotifyMessage: send update driver state request : , id = W1U8eQ1E, timestamp = 15115687, from = SRS, to = Driver, streaming state : {streaming_state: kStreamingLaunching}, media config : {}, this= 0x1e02c1e2660
[2023-06-12 13:55:10.912] [pxr_streamer] [debug] [21328|29200]streaming_driver_interface_impl.cpp:252 NotifyStreamingStateUpdated: state= 1, config= (0,0), fps= 0, this= 0x1dee5b7f650
[2023-06-12 13:55:13.012] [pxr_streamer] [error] [21328|29200]streaming_driver_interface_impl.cpp:310 NotifyControllerStateUpdated: "invalid streaming state", streaming_state_ != pxr_rpc::StreamingState::kStreamingReady, this= 0x1dee5b7f650
[2023-06-12 13:55:34.290] [pxr_streamer] [info] [21328|29200]driver_impl.cpp:507 ProcessNotifyMessage: send update driver state request : , id = Zxv3uyx9, timestamp = 15139065, from = SRS, to = Driver, streaming state : {streaming_state: kStreamingReady}, media config : {render_width: 1920 render_height: 1920 fps: 72}, this= 0x1e02c1e2660
[2023-06-12 13:55:34.290] [pxr_streamer] [debug] [21328|29200]streaming_driver_interface_impl.cpp:252 NotifyStreamingStateUpdated: state= 2, config= (1920,1920), fps= 72, this= 0x1dee5b7f650
[2023-06-12 13:55:34.291] [pxr_streamer] [warning] [21328|20496]transport_data_receiver.cpp:89 ProcessReceivedData: recv multi-packet,count = 2, this= 0x1dee7d7baa0
[2023-06-12 13:55:34.291] [pxr_streamer] [warning] [21328|20496]transport_data_receiver.cpp:89 ProcessReceivedData: recv multi-packet,count = 2, this= 0x1dee7d7baa0
[2023-06-12 13:55:34.291] [pxr_streamer] [warning] [21328|20496]transport_data_receiver.cpp:89 ProcessReceivedData: recv multi-packet,count = 2, this= 0x1dee7d7baa0
[2023-06-12 13:55:34.291] [pxr_streamer] [warning] [21328|20496]transport_data_receiver.cpp:89 ProcessReceivedData: recv multi-packet,count = 3, this= 0x1dee7d7baa0
[2023-06-12 13:55:34.291] [pxr_streamer] [warning] [21328|20496]transport_data_receiver.cpp:89 ProcessReceivedData: recv multi-packet,count = 2, this= 0x1dee7d7baa0
[2023-06-12 13:55:34.291] [pxr_streamer] [warning] [21328|20496]transport_data_receiver.cpp:89 ProcessReceivedData: recv multi-packet,count = 2, this= 0x1dee7d7baa0
[2023-06-12 13:55:34.292] [pxr_streamer] [warning] [21328|20496]transport_data_receiver.cpp:89 ProcessReceivedData: recv multi-packet,count = 2, this= 0x1dee7d7baa0
[2023-06-12 13:55:34.292] [pxr_streamer] [warning] [21328|20496]transport_data_receiver.cpp:89 ProcessReceivedData: recv multi-packet,count = 4, this= 0x1dee7d7baa0
[2023-06-12 13:55:34.292] [pxr_streamer] [warning] [21328|20496]transport_data_receiver.cpp:89 ProcessReceivedData: recv multi-packet,count = 2, this= 0x1dee7d7baa0
[2023-06-12 13:55:34.292] [pxr_streamer] [warning] [21328|20496]transport_data_receiver.cpp:89 ProcessReceivedData: recv multi-packet,count = 2, this= 0x1dee7d7baa0
[2023-06-12 13:55:34.292] [pxr_streamer] [warning] [21328|20496]transport_data_receiver.cpp:89 ProcessReceivedData: recv multi-packet,count = 3, this= 0x1dee7d7baa0
[2023-06-12 13:55:34.292] [pxr_streamer] [warning] [21328|20496]transport_data_receiver.cpp:89 ProcessReceivedData: recv multi-packet,count = 4, this= 0x1dee7d7baa0
[2023-06-12 13:55:34.292] [pxr_streamer] [warning] [21328|20496]transport_data_receiver.cpp:89 ProcessReceivedData: recv multi-packet,count = 2, this= 0x1dee7d7baa0
[2023-06-12 13:55:34.292] [pxr_streamer] [warning] [21328|20496]transport_data_receiver.cpp:89 ProcessReceivedData: recv multi-packet,count = 3, this= 0x1dee7d7baa0
[2023-06-12 13:55:34.292] [pxr_streamer] [warning] [21328|20496]transport_data_receiver.cpp:89 ProcessReceivedData: recv multi-packet,count = 2, this= 0x1dee7d7baa0
[2023-06-12 13:55:34.292] [pxr_streamer] [warning] [21328|20496]transport_data_receiver.cpp:89 ProcessReceivedData: recv multi-packet,count = 2, this= 0x1dee7d7baa0
[2023-06-12 13:55:34.292] [pxr_streamer] [warning] [21328|20496]transport_data_receiver.cpp:89 ProcessReceivedData: recv multi-packet,count = 2, this= 0x1dee7d7baa0
[2023-06-12 13:55:34.292] [pxr_streamer] [warning] [21328|20496]transport_data_receiver.cpp:89 ProcessReceivedData: recv multi-packet,count = 2, this= 0x1dee7d7baa0
[2023-06-12 13:55:44.703] [pxr_streamer] [warning] [21328|20496]transport_data_receiver.cpp:89 ProcessReceivedData: recv multi-packet,count = 2, this= 0x1dee7d7baa0
[2023-06-12 13:56:04.646] [pxr_streamer] [warning] [21328|20496]transport_data_receiver.cpp:89 ProcessReceivedData: recv multi-packet,count = 2, this= 0x1dee7d7baa0
[2023-06-12 13:56:19.951] [pxr_streamer] [warning] [21328|20496]transport_data_receiver.cpp:89 ProcessReceivedData: recv multi-packet,count = 2, this= 0x1dee7d7baa0
[2023-06-12 13:56:41.207] [pxr_streamer] [info] [21328|13660]streaming_driver_interface_impl.cpp:78 StopStreaming: stop streaming, this= 0x1dee5b7f650
[2023-06-12 13:56:41.207] [pxr_streamer] [info] [21328|29200]driver_impl.cpp:230 StopStreaming: send stop streaming request : { id = MzlRHKFH, timestamp = 15205982, from = Driver, to = SRS }, this= 0x1e02c1e2660
[2023-06-12 13:56:41.208] [pxr_streamer] [info] [21328|13660]streaming_driver_interface_impl.cpp:53 DisconnectFromService: disconnect from service, this= 0x1dee5b7f650
[2023-06-12 13:56:41.208] [pxr_streamer] [debug] [21328|29200]streaming_driver_interface_impl.cpp:374 InvokeDisconnectFromService: disconnect from service, this= 0x1dee5b7f650
[2023-06-12 13:56:41.208] [pxr_streamer] [info] [21328|29200]driver_impl.cpp:81 Disconnect: send disconnect request : { id = qSk1T9VC, timestamp = 15205983, from = Driver, to = SRS }, this= 0x1e02c1e2660
[2023-06-12 13:56:41.208] [pxr_streamer] [debug] [21328|29200]transport_client_tcp2.cpp:73 Stop: called, this= 0x1dee7d7b900
[2023-06-12 13:56:41.208] [pxr_streamer] [error] [21328|20496]transport_client_tcp2.cpp:116 operator (): recv error= 1236, msg= The network connection was aborted by the local system., this= 0x1dee7d7b900
[2023-06-12 13:56:41.208] [pxr_streamer] [error] [21328|20496]transport_client_tcp2.cpp:129 HandleReceiveData: has been disconnected, this= 0x1dee7d7b900
[2023-06-12 13:56:41.208] [pxr_streamer] [error] [21328|20496]transport_client_tcp2.cpp:105 StartAyncRecv: has been disconnected, this= 0x1dee7d7b900
